2025-09-27 19:06:54.447 [HikariPool-1 housekeeper] WARN  com.zaxxer.hikari.pool.HikariPool - HikariPool-1 - Thread starvation or clock leap detected (housekeeper delta=22h43m2s382ms717µs800ns).
2025-09-27 19:06:54.465 [HikariPool-1 housekeeper] DEBUG com.zaxxer.hikari.pool.HikariPool - HikariPool-1 - Pool stats (total=10, active=0, idle=10, waiting=0)
2025-09-27 19:06:54.473 [HikariPool-1 housekeeper] DEBUG com.zaxxer.hikari.pool.HikariPool - HikariPool-1 - Fill pool skipped, pool has sufficient level or currently being filled (queueDepth=0).
2025-09-27 19:06:54.475 [HikariPool-1 housekeeper] DEBUG com.zaxxer.hikari.pool.HikariPool - HikariPool-1 - Add connection elided, waiting=0, adders pending/running=1
2025-09-27 19:06:54.481 [HikariPool-1 housekeeper] DEBUG com.zaxxer.hikari.pool.HikariPool - HikariPool-1 - Add connection elided, waiting=0, adders pending/running=1
2025-09-27 19:06:54.481 [HikariPool-1 housekeeper] DEBUG com.zaxxer.hikari.pool.HikariPool - HikariPool-1 - Add connection elided, waiting=0, adders pending/running=1
2025-09-27 19:06:54.481 [HikariPool-1 connection closer] DEBUG com.zaxxer.hikari.pool.PoolBase - HikariPool-1 - Closing connection org.postgresql.jdbc.PgConnection@196a2740: (connection has passed maxLifetime)
2025-09-27 19:06:54.481 [HikariPool-1 housekeeper] DEBUG com.zaxxer.hikari.pool.HikariPool - HikariPool-1 - Add connection elided, waiting=0, adders pending/running=1
2025-09-27 19:06:54.481 [HikariPool-1 housekeeper] DEBUG com.zaxxer.hikari.pool.HikariPool - HikariPool-1 - Add connection elided, waiting=0, adders pending/running=1
2025-09-27 19:06:54.483 [HikariPool-1 housekeeper] DEBUG com.zaxxer.hikari.pool.HikariPool - HikariPool-1 - Add connection elided, waiting=0, adders pending/running=1
2025-09-27 19:06:54.483 [HikariPool-1 housekeeper] DEBUG com.zaxxer.hikari.pool.HikariPool - HikariPool-1 - Add connection elided, waiting=0, adders pending/running=1
2025-09-27 19:06:54.483 [HikariPool-1 housekeeper] DEBUG com.zaxxer.hikari.pool.HikariPool - HikariPool-1 - Add connection elided, waiting=0, adders pending/running=1
2025-09-27 19:06:54.483 [HikariPool-1 housekeeper] DEBUG com.zaxxer.hikari.pool.HikariPool - HikariPool-1 - Add connection elided, waiting=0, adders pending/running=1
2025-09-27 19:06:54.483 [HikariPool-1 connection closer] DEBUG com.zaxxer.hikari.pool.PoolBase - HikariPool-1 - Closing connection org.postgresql.jdbc.PgConnection@6c22af76: (connection has passed maxLifetime)
2025-09-27 19:06:54.484 [HikariPool-1 connection adder] DEBUG org.postgresql.Driver - Connecting with URL: jdbc:postgresql://localhost:5432/xumblaubs_rentcar
2025-09-27 19:06:54.484 [HikariPool-1 connection adder] DEBUG org.postgresql.jdbc.PgConnection - PostgreSQL JDBC Driver 42.6.0
2025-09-27 19:06:54.484 [HikariPool-1 connection adder] DEBUG org.postgresql.jdbc.PgConnection -   setDefaultFetchSize = 0
2025-09-27 19:06:54.486 [HikariPool-1 connection adder] DEBUG org.postgresql.jdbc.PgConnection -   setPrepareThreshold = 5
2025-09-27 19:06:54.486 [HikariPool-1 connection adder] DEBUG o.p.core.v3.ConnectionFactoryImpl - Trying to establish a protocol version 3 connection to localhost:5432
2025-09-27 19:06:54.491 [HikariPool-1 connection closer] DEBUG com.zaxxer.hikari.pool.PoolBase - HikariPool-1 - Closing connection org.postgresql.jdbc.PgConnection@117bd9f: (connection has passed maxLifetime)
2025-09-27 19:06:54.493 [HikariPool-1 connection closer] DEBUG com.zaxxer.hikari.pool.PoolBase - HikariPool-1 - Closing connection org.postgresql.jdbc.PgConnection@616397ef: (connection has passed maxLifetime)
2025-09-27 19:06:54.497 [HikariPool-1 connection adder] DEBUG o.p.core.v3.ConnectionFactoryImpl - Receive Buffer Size is 65.536
2025-09-27 19:06:54.500 [HikariPool-1 connection closer] DEBUG com.zaxxer.hikari.pool.PoolBase - HikariPool-1 - Closing connection org.postgresql.jdbc.PgConnection@66dac406: (connection has passed maxLifetime)
2025-09-27 19:06:54.502 [HikariPool-1 connection adder] DEBUG o.p.core.v3.ConnectionFactoryImpl - Send Buffer Size is 65.536
2025-09-27 19:06:54.502 [HikariPool-1 connection closer] DEBUG com.zaxxer.hikari.pool.PoolBase - HikariPool-1 - Closing connection org.postgresql.jdbc.PgConnection@29203c96: (connection has passed maxLifetime)
2025-09-27 19:06:54.521 [HikariPool-1 connection closer] DEBUG com.zaxxer.hikari.pool.PoolBase - HikariPool-1 - Closing connection org.postgresql.jdbc.PgConnection@18c3d29e: (connection has passed maxLifetime)
2025-09-27 19:06:54.523 [HikariPool-1 connection closer] DEBUG com.zaxxer.hikari.pool.PoolBase - HikariPool-1 - Closing connection org.postgresql.jdbc.PgConnection@746c801: (connection has passed maxLifetime)
2025-09-27 19:06:54.523 [HikariPool-1 connection closer] DEBUG com.zaxxer.hikari.pool.PoolBase - HikariPool-1 - Closing connection org.postgresql.jdbc.PgConnection@5724c7da: (connection has passed maxLifetime)
2025-09-27 19:06:54.523 [HikariPool-1 connection closer] DEBUG com.zaxxer.hikari.pool.PoolBase - HikariPool-1 - Closing connection org.postgresql.jdbc.PgConnection@490fc3d9: (connection has passed maxLifetime)
2025-09-27 19:06:59.134 [HikariPool-1 connection adder] DEBUG com.zaxxer.hikari.pool.HikariPool - HikariPool-1 - Added connection org.postgresql.jdbc.PgConnection@415c535c
2025-09-27 19:06:59.221 [HikariPool-1 connection adder] DEBUG org.postgresql.Driver - Connecting with URL: jdbc:postgresql://localhost:5432/xumblaubs_rentcar
2025-09-27 19:06:59.221 [HikariPool-1 connection adder] DEBUG org.postgresql.jdbc.PgConnection - PostgreSQL JDBC Driver 42.6.0
2025-09-27 19:06:59.221 [HikariPool-1 connection adder] DEBUG org.postgresql.jdbc.PgConnection -   setDefaultFetchSize = 0
2025-09-27 19:06:59.221 [HikariPool-1 connection adder] DEBUG org.postgresql.jdbc.PgConnection -   setPrepareThreshold = 5
2025-09-27 19:06:59.223 [HikariPool-1 connection adder] DEBUG o.p.core.v3.ConnectionFactoryImpl - Trying to establish a protocol version 3 connection to localhost:5432
2025-09-27 19:06:59.239 [HikariPool-1 connection adder] DEBUG o.p.core.v3.ConnectionFactoryImpl - Receive Buffer Size is 65.536
2025-09-27 19:06:59.242 [HikariPool-1 connection adder] DEBUG o.p.core.v3.ConnectionFactoryImpl - Send Buffer Size is 65.536
2025-09-27 19:07:00.572 [HikariPool-1 connection adder] DEBUG com.zaxxer.hikari.pool.HikariPool - HikariPool-1 - Added connection org.postgresql.jdbc.PgConnection@4f9bb507
2025-09-27 19:07:00.588 [HikariPool-1 connection adder] DEBUG org.postgresql.Driver - Connecting with URL: jdbc:postgresql://localhost:5432/xumblaubs_rentcar
2025-09-27 19:07:00.588 [HikariPool-1 connection adder] DEBUG org.postgresql.jdbc.PgConnection - PostgreSQL JDBC Driver 42.6.0
2025-09-27 19:07:00.588 [HikariPool-1 connection adder] DEBUG org.postgresql.jdbc.PgConnection -   setDefaultFetchSize = 0
2025-09-27 19:07:00.588 [HikariPool-1 connection adder] DEBUG org.postgresql.jdbc.PgConnection -   setPrepareThreshold = 5
2025-09-27 19:07:00.588 [HikariPool-1 connection adder] DEBUG o.p.core.v3.ConnectionFactoryImpl - Trying to establish a protocol version 3 connection to localhost:5432
2025-09-27 19:07:00.591 [HikariPool-1 connection adder] DEBUG o.p.core.v3.ConnectionFactoryImpl - Receive Buffer Size is 65.536
2025-09-27 19:07:00.591 [HikariPool-1 connection adder] DEBUG o.p.core.v3.ConnectionFactoryImpl - Send Buffer Size is 65.536
2025-09-27 19:07:01.489 [HikariPool-1 connection adder] DEBUG com.zaxxer.hikari.pool.HikariPool - HikariPool-1 - Added connection org.postgresql.jdbc.PgConnection@4ba4382c
2025-09-27 19:07:01.555 [HikariPool-1 connection adder] DEBUG org.postgresql.Driver - Connecting with URL: jdbc:postgresql://localhost:5432/xumblaubs_rentcar
2025-09-27 19:07:01.555 [HikariPool-1 connection adder] DEBUG org.postgresql.jdbc.PgConnection - PostgreSQL JDBC Driver 42.6.0
2025-09-27 19:07:01.555 [HikariPool-1 connection adder] DEBUG org.postgresql.jdbc.PgConnection -   setDefaultFetchSize = 0
2025-09-27 19:07:01.556 [HikariPool-1 connection adder] DEBUG org.postgresql.jdbc.PgConnection -   setPrepareThreshold = 5
2025-09-27 19:07:01.556 [HikariPool-1 connection adder] DEBUG o.p.core.v3.ConnectionFactoryImpl - Trying to establish a protocol version 3 connection to localhost:5432
2025-09-27 19:07:01.587 [HikariPool-1 connection adder] DEBUG o.p.core.v3.ConnectionFactoryImpl - Receive Buffer Size is 65.536
2025-09-27 19:07:01.589 [HikariPool-1 connection adder] DEBUG o.p.core.v3.ConnectionFactoryImpl - Send Buffer Size is 65.536
2025-09-27 19:07:02.842 [HikariPool-1 connection adder] DEBUG com.zaxxer.hikari.pool.HikariPool - HikariPool-1 - Added connection org.postgresql.jdbc.PgConnection@ea6bf3c
2025-09-27 19:07:02.858 [HikariPool-1 connection adder] DEBUG org.postgresql.Driver - Connecting with URL: jdbc:postgresql://localhost:5432/xumblaubs_rentcar
2025-09-27 19:07:02.860 [HikariPool-1 connection adder] DEBUG org.postgresql.jdbc.PgConnection - PostgreSQL JDBC Driver 42.6.0
2025-09-27 19:07:02.860 [HikariPool-1 connection adder] DEBUG org.postgresql.jdbc.PgConnection -   setDefaultFetchSize = 0
2025-09-27 19:07:02.861 [HikariPool-1 connection adder] DEBUG org.postgresql.jdbc.PgConnection -   setPrepareThreshold = 5
2025-09-27 19:07:02.861 [HikariPool-1 connection adder] DEBUG o.p.core.v3.ConnectionFactoryImpl - Trying to establish a protocol version 3 connection to localhost:5432
2025-09-27 19:07:02.864 [HikariPool-1 connection adder] DEBUG o.p.core.v3.ConnectionFactoryImpl - Receive Buffer Size is 65.536
2025-09-27 19:07:02.864 [HikariPool-1 connection adder] DEBUG o.p.core.v3.ConnectionFactoryImpl - Send Buffer Size is 65.536
2025-09-27 19:07:05.870 [HikariPool-1 connection adder] DEBUG com.zaxxer.hikari.pool.HikariPool - HikariPool-1 - Added connection org.postgresql.jdbc.PgConnection@2d43cb07
2025-09-27 19:07:05.886 [HikariPool-1 connection adder] DEBUG org.postgresql.Driver - Connecting with URL: jdbc:postgresql://localhost:5432/xumblaubs_rentcar
2025-09-27 19:07:05.886 [HikariPool-1 connection adder] DEBUG org.postgresql.jdbc.PgConnection - PostgreSQL JDBC Driver 42.6.0
2025-09-27 19:07:05.886 [HikariPool-1 connection adder] DEBUG org.postgresql.jdbc.PgConnection -   setDefaultFetchSize = 0
2025-09-27 19:07:05.886 [HikariPool-1 connection adder] DEBUG org.postgresql.jdbc.PgConnection -   setPrepareThreshold = 5
2025-09-27 19:07:05.886 [HikariPool-1 connection adder] DEBUG o.p.core.v3.ConnectionFactoryImpl - Trying to establish a protocol version 3 connection to localhost:5432
2025-09-27 19:07:05.944 [HikariPool-1 connection adder] DEBUG o.p.core.v3.ConnectionFactoryImpl - Receive Buffer Size is 65.536
2025-09-27 19:07:05.944 [HikariPool-1 connection adder] DEBUG o.p.core.v3.ConnectionFactoryImpl - Send Buffer Size is 65.536
2025-09-27 19:07:06.592 [HikariPool-1 connection adder] DEBUG com.zaxxer.hikari.pool.HikariPool - HikariPool-1 - Added connection org.postgresql.jdbc.PgConnection@3fe27025
2025-09-27 19:07:06.608 [HikariPool-1 connection adder] DEBUG org.postgresql.Driver - Connecting with URL: jdbc:postgresql://localhost:5432/xumblaubs_rentcar
2025-09-27 19:07:06.608 [HikariPool-1 connection adder] DEBUG org.postgresql.jdbc.PgConnection - PostgreSQL JDBC Driver 42.6.0
2025-09-27 19:07:06.608 [HikariPool-1 connection adder] DEBUG org.postgresql.jdbc.PgConnection -   setDefaultFetchSize = 0
2025-09-27 19:07:06.608 [HikariPool-1 connection adder] DEBUG org.postgresql.jdbc.PgConnection -   setPrepareThreshold = 5
2025-09-27 19:07:06.608 [HikariPool-1 connection adder] DEBUG o.p.core.v3.ConnectionFactoryImpl - Trying to establish a protocol version 3 connection to localhost:5432
2025-09-27 19:07:06.614 [HikariPool-1 connection adder] DEBUG o.p.core.v3.ConnectionFactoryImpl - Receive Buffer Size is 65.536
2025-09-27 19:07:06.614 [HikariPool-1 connection adder] DEBUG o.p.core.v3.ConnectionFactoryImpl - Send Buffer Size is 65.536
2025-09-27 19:07:07.120 [HikariPool-1 connection adder] DEBUG com.zaxxer.hikari.pool.HikariPool - HikariPool-1 - Added connection org.postgresql.jdbc.PgConnection@55ed5aad
2025-09-27 19:07:07.138 [HikariPool-1 connection adder] DEBUG org.postgresql.Driver - Connecting with URL: jdbc:postgresql://localhost:5432/xumblaubs_rentcar
2025-09-27 19:07:07.138 [HikariPool-1 connection adder] DEBUG org.postgresql.jdbc.PgConnection - PostgreSQL JDBC Driver 42.6.0
2025-09-27 19:07:07.138 [HikariPool-1 connection adder] DEBUG org.postgresql.jdbc.PgConnection -   setDefaultFetchSize = 0
2025-09-27 19:07:07.138 [HikariPool-1 connection adder] DEBUG org.postgresql.jdbc.PgConnection -   setPrepareThreshold = 5
2025-09-27 19:07:07.138 [HikariPool-1 connection adder] DEBUG o.p.core.v3.ConnectionFactoryImpl - Trying to establish a protocol version 3 connection to localhost:5432
2025-09-27 19:07:07.145 [HikariPool-1 connection adder] DEBUG o.p.core.v3.ConnectionFactoryImpl - Receive Buffer Size is 65.536
2025-09-27 19:07:07.147 [HikariPool-1 connection adder] DEBUG o.p.core.v3.ConnectionFactoryImpl - Send Buffer Size is 65.536
2025-09-27 19:07:07.725 [HikariPool-1 connection adder] DEBUG com.zaxxer.hikari.pool.HikariPool - HikariPool-1 - Added connection org.postgresql.jdbc.PgConnection@5da1b556
2025-09-27 19:07:07.746 [HikariPool-1 connection adder] DEBUG org.postgresql.Driver - Connecting with URL: jdbc:postgresql://localhost:5432/xumblaubs_rentcar
2025-09-27 19:07:07.746 [HikariPool-1 connection adder] DEBUG org.postgresql.jdbc.PgConnection - PostgreSQL JDBC Driver 42.6.0
2025-09-27 19:07:07.746 [HikariPool-1 connection adder] DEBUG org.postgresql.jdbc.PgConnection -   setDefaultFetchSize = 0
2025-09-27 19:07:07.748 [HikariPool-1 connection adder] DEBUG org.postgresql.jdbc.PgConnection -   setPrepareThreshold = 5
2025-09-27 19:07:07.748 [HikariPool-1 connection adder] DEBUG o.p.core.v3.ConnectionFactoryImpl - Trying to establish a protocol version 3 connection to localhost:5432
2025-09-27 19:07:07.753 [HikariPool-1 connection adder] DEBUG o.p.core.v3.ConnectionFactoryImpl - Receive Buffer Size is 65.536
2025-09-27 19:07:07.753 [HikariPool-1 connection adder] DEBUG o.p.core.v3.ConnectionFactoryImpl - Send Buffer Size is 65.536
2025-09-27 19:07:08.194 [HikariPool-1 connection adder] DEBUG com.zaxxer.hikari.pool.HikariPool - HikariPool-1 - Added connection org.postgresql.jdbc.PgConnection@716e959f
2025-09-27 19:07:08.214 [HikariPool-1 connection adder] DEBUG org.postgresql.Driver - Connecting with URL: jdbc:postgresql://localhost:5432/xumblaubs_rentcar
2025-09-27 19:07:08.214 [HikariPool-1 connection adder] DEBUG org.postgresql.jdbc.PgConnection - PostgreSQL JDBC Driver 42.6.0
2025-09-27 19:07:08.214 [HikariPool-1 connection adder] DEBUG org.postgresql.jdbc.PgConnection -   setDefaultFetchSize = 0
2025-09-27 19:07:08.214 [HikariPool-1 connection adder] DEBUG org.postgresql.jdbc.PgConnection -   setPrepareThreshold = 5
2025-09-27 19:07:08.214 [HikariPool-1 connection adder] DEBUG o.p.core.v3.ConnectionFactoryImpl - Trying to establish a protocol version 3 connection to localhost:5432
2025-09-27 19:07:08.219 [HikariPool-1 connection adder] DEBUG o.p.core.v3.ConnectionFactoryImpl - Receive Buffer Size is 65.536
2025-09-27 19:07:08.219 [HikariPool-1 connection adder] DEBUG o.p.core.v3.ConnectionFactoryImpl - Send Buffer Size is 65.536
2025-09-27 19:07:08.569 [HikariPool-1 connection adder] DEBUG com.zaxxer.hikari.pool.HikariPool - HikariPool-1 - Added connection org.postgresql.jdbc.PgConnection@4ee9912d
2025-09-27 19:07:24.476 [HikariPool-1 housekeeper] DEBUG com.zaxxer.hikari.pool.HikariPool - HikariPool-1 - Pool stats (total=10, active=0, idle=10, waiting=0)
2025-09-27 19:07:24.479 [HikariPool-1 housekeeper] DEBUG com.zaxxer.hikari.pool.HikariPool - HikariPool-1 - Fill pool skipped, pool has sufficient level or currently being filled (queueDepth=0).
2025-09-27 19:07:54.495 [HikariPool-1 housekeeper] DEBUG com.zaxxer.hikari.pool.HikariPool - HikariPool-1 - Pool stats (total=10, active=0, idle=10, waiting=0)
2025-09-27 19:07:54.497 [HikariPool-1 housekeeper] DEBUG com.zaxxer.hikari.pool.HikariPool - HikariPool-1 - Fill pool skipped, pool has sufficient level or currently being filled (queueDepth=0).
2025-09-27 19:08:24.512 [HikariPool-1 housekeeper] DEBUG com.zaxxer.hikari.pool.HikariPool - HikariPool-1 - Pool stats (total=10, active=0, idle=10, waiting=0)
2025-09-27 19:08:24.514 [HikariPool-1 housekeeper] DEBUG com.zaxxer.hikari.pool.HikariPool - HikariPool-1 - Fill pool skipped, pool has sufficient level or currently being filled (queueDepth=0).
2025-09-27 19:08:54.515 [HikariPool-1 housekeeper] DEBUG com.zaxxer.hikari.pool.HikariPool - HikariPool-1 - Pool stats (total=10, active=0, idle=10, waiting=0)
2025-09-27 19:08:54.515 [HikariPool-1 housekeeper] DEBUG com.zaxxer.hikari.pool.HikariPool - HikariPool-1 - Fill pool skipped, pool has sufficient level or currently being filled (queueDepth=0).
2025-09-27 19:09:24.517 [HikariPool-1 housekeeper] DEBUG com.zaxxer.hikari.pool.HikariPool - HikariPool-1 - Pool stats (total=10, active=0, idle=10, waiting=0)
2025-09-27 19:09:24.517 [HikariPool-1 housekeeper] DEBUG com.zaxxer.hikari.pool.HikariPool - HikariPool-1 - Fill pool skipped, pool has sufficient level or currently being filled (queueDepth=0).
